<?xml version="1.0" encoding="UTF-8"?>
<!-- Generated by org.testng.reporters.JUnitReportReporter -->
<testsuite hostname="LAPTOP-TFRRVMOB" name="com.hrms.testscripts.TC_002_Testng" tests="2" failures="0" timestamp="8 Feb 2020 05:54:39 GMT" time="0.417" errors="0">
  <testcase name="login" time="0.406" classname="com.hrms.testscripts.TC_002_Testng"/>
  <testcase name="logout" time="0.011" classname="com.hrms.testscripts.TC_002_Testng"/>
</testsuite> <!-- com.hrms.testscripts.TC_002_Testng -->
